<?xml version='1.0'?>
<ns2:test-suite xmlns:ns2='urn:model.allure.qatools.yandex.ru' start='1595477712381' stop='1595477776412'>
    <name>register form tests</name>
    <title>register form tests</title>
    <test-cases>
        <test-case start='1595477712382' status='failed' stop='1595477728036'>
            <name>register user test valid inputs</name>
            <title>register user test valid inputs</title>
            <labels/>
            <parameters/>
            <steps/>
            <attachments/>
            <failure>
                <message>Failed: Error while running testForAngular: script timeout
                  (Session info: chrome=84.0.4147.89)
                  (Driver info: chromedriver=84.0.4147.30 (48b3e868b4cc0aa7e8149519690b6f6949e110a8-refs/branch-heads/4147@{#310}),platform=Windows NT 10.0.18363 x86_64)</message>
                <stack-trace>Error: Error while running testForAngular: script timeout
                  (Session info: chrome=84.0.4147.89)
                  (Driver info: chromedriver=84.0.4147.30 (48b3e868b4cc0aa7e8149519690b6f6949e110a8-refs/branch-heads/4147@{#310}),platform=Windows NT 10.0.18363 x86_64)
                    at C:\Users\admin\AppData\Roaming\npm\node_modules\protractor\built\browser.js:725:23
                    at ManagedPromise.invokeCallback_ (C:\Users\admin\AppData\Roaming\npm\node_modules\protractor\node_modules\selenium-webdriver\lib\promise.js:1376:14)
                    at TaskQueue.execute_ (C:\Users\admin\AppData\Roaming\npm\node_modules\protractor\node_modules\selenium-webdriver\lib\promise.js:3084:14)
                    at TaskQueue.executeNext_ (C:\Users\admin\AppData\Roaming\npm\node_modules\protractor\node_modules\selenium-webdriver\lib\promise.js:3067:27)
                    at C:\Users\admin\AppData\Roaming\npm\node_modules\protractor\node_modules\selenium-webdriver\lib\promise.js:2927:27
                    at C:\Users\admin\AppData\Roaming\npm\node_modules\protractor\node_modules\selenium-webdriver\lib\promise.js:668:7
                    at processTicksAndRejections (internal/process/task_queues.js:97:5)
                From: Task: Run it("register user test valid inputs") in control flow
                    at UserContext.&lt;anonymous> (C:\Users\admin\AppData\Roaming\npm\node_modules\protractor\node_modules\jasminewd2\index.js:94:19)
                    at attempt (C:\Users\admin\AppData\Roaming\npm\node_modules\protractor\node_modules\jasmine-core\lib\jasmine-core\jasmine.js:4297:26)
                    at QueueRunner.run (C:\Users\admin\AppData\Roaming\npm\node_modules\protractor\node_modules\jasmine-core\lib\jasmine-core\jasmine.js:4217:20)
                    at QueueRunner.execute (C:\Users\admin\AppData\Roaming\npm\node_modules\protractor\node_modules\jasmine-core\lib\jasmine-core\jasmine.js:4199:10)
                    at Spec.queueRunnerFactory (C:\Users\admin\AppData\Roaming\npm\node_modules\protractor\node_modules\jasmine-core\lib\jasmine-core\jasmine.js:909:35)
                    at Spec.execute (C:\Users\admin\AppData\Roaming\npm\node_modules\protractor\node_modules\jasmine-core\lib\jasmine-core\jasmine.js:526:10)
                    at UserContext.fn (C:\Users\admin\AppData\Roaming\npm\node_modules\protractor\node_modules\jasmine-core\lib\jasmine-core\jasmine.js:5340:37)
                    at attempt (C:\Users\admin\AppData\Roaming\npm\node_modules\protractor\node_modules\jasmine-core\lib\jasmine-core\jasmine.js:4297:26)
                    at QueueRunner.run (C:\Users\admin\AppData\Roaming\npm\node_modules\protractor\node_modules\jasmine-core\lib\jasmine-core\jasmine.js:4217:20)
                    at QueueRunner.execute (C:\Users\admin\AppData\Roaming\npm\node_modules\protractor\node_modules\jasmine-core\lib\jasmine-core\jasmine.js:4199:10)
                From asynchronous test: 
                Error
                    at Suite.&lt;anonymous> (C:\Users\admin\Desktop\Projects\ProtractorDemo\tests\signup.js:8:5)
                    at addSpecsToSuite (C:\Users\admin\AppData\Roaming\npm\node_modules\protractor\node_modules\jasmine-core\lib\jasmine-core\jasmine.js:1107:25)
                    at Env.describe (C:\Users\admin\AppData\Roaming\npm\node_modules\protractor\node_modules\jasmine-core\lib\jasmine-core\jasmine.js:1074:7)
                    at describe (C:\Users\admin\AppData\Roaming\npm\node_modules\protractor\node_modules\jasmine-core\lib\jasmine-core\jasmine.js:4399:18)
                    at Object.&lt;anonymous> (C:\Users\admin\Desktop\Projects\ProtractorDemo\tests\signup.js:3:1)
                    at Module._compile (internal/modules/cjs/loader.js:1138:30)
                    at Object.Module._extensions..js (internal/modules/cjs/loader.js:1158:10)
                    at Module.load (internal/modules/cjs/loader.js:986:32)
                    at Function.Module._load (internal/modules/cjs/loader.js:879:14)</stack-trace>
            </failure>
        </test-case>
        <test-case start='1595477728036' status='failed' stop='1595477743490'>
            <name>register user test valid inputs</name>
            <title>register user test valid inputs</title>
            <labels/>
            <parameters/>
            <steps/>
            <attachments/>
            <failure>
                <message>Failed: Angular could not be found on the page http://localhost:4200/register. If this is not an Angular application, you may need to turn off waiting for Angular.
                                          Please see 
                                          https://github.com/angular/protractor/blob/master/docs/timeouts.md#waiting-for-angular-on-page-load</message>
                <stack-trace>Error: Angular could not be found on the page http://localhost:4200/register. If this is not an Angular application, you may need to turn off waiting for Angular.
                                          Please see 
                                          https://github.com/angular/protractor/blob/master/docs/timeouts.md#waiting-for-angular-on-page-load
                    at C:\Users\admin\AppData\Roaming\npm\node_modules\protractor\built\browser.js:718:27
                    at ManagedPromise.invokeCallback_ (C:\Users\admin\AppData\Roaming\npm\node_modules\protractor\node_modules\selenium-webdriver\lib\promise.js:1376:14)
                    at TaskQueue.execute_ (C:\Users\admin\AppData\Roaming\npm\node_modules\protractor\node_modules\selenium-webdriver\lib\promise.js:3084:14)
                    at TaskQueue.executeNext_ (C:\Users\admin\AppData\Roaming\npm\node_modules\protractor\node_modules\selenium-webdriver\lib\promise.js:3067:27)
                    at C:\Users\admin\AppData\Roaming\npm\node_modules\protractor\node_modules\selenium-webdriver\lib\promise.js:2927:27
                    at C:\Users\admin\AppData\Roaming\npm\node_modules\protractor\node_modules\selenium-webdriver\lib\promise.js:668:7
                    at processTicksAndRejections (internal/process/task_queues.js:97:5)
                From: Task: Run it("register user test valid inputs") in control flow
                    at UserContext.&lt;anonymous> (C:\Users\admin\AppData\Roaming\npm\node_modules\protractor\node_modules\jasminewd2\index.js:94:19)
                    at attempt (C:\Users\admin\AppData\Roaming\npm\node_modules\protractor\node_modules\jasmine-core\lib\jasmine-core\jasmine.js:4297:26)
                    at QueueRunner.run (C:\Users\admin\AppData\Roaming\npm\node_modules\protractor\node_modules\jasmine-core\lib\jasmine-core\jasmine.js:4217:20)
                    at QueueRunner.execute (C:\Users\admin\AppData\Roaming\npm\node_modules\protractor\node_modules\jasmine-core\lib\jasmine-core\jasmine.js:4199:10)
                    at Spec.queueRunnerFactory (C:\Users\admin\AppData\Roaming\npm\node_modules\protractor\node_modules\jasmine-core\lib\jasmine-core\jasmine.js:909:35)
                    at Spec.execute (C:\Users\admin\AppData\Roaming\npm\node_modules\protractor\node_modules\jasmine-core\lib\jasmine-core\jasmine.js:526:10)
                    at UserContext.fn (C:\Users\admin\AppData\Roaming\npm\node_modules\protractor\node_modules\jasmine-core\lib\jasmine-core\jasmine.js:5340:37)
                    at attempt (C:\Users\admin\AppData\Roaming\npm\node_modules\protractor\node_modules\jasmine-core\lib\jasmine-core\jasmine.js:4297:26)
                    at QueueRunner.run (C:\Users\admin\AppData\Roaming\npm\node_modules\protractor\node_modules\jasmine-core\lib\jasmine-core\jasmine.js:4217:20)
                    at runNext (C:\Users\admin\AppData\Roaming\npm\node_modules\protractor\node_modules\jasmine-core\lib\jasmine-core\jasmine.js:4257:20)
                From asynchronous test: 
                Error
                    at Suite.&lt;anonymous> (C:\Users\admin\Desktop\Projects\ProtractorDemo\tests\signup.js:29:10)
                    at addSpecsToSuite (C:\Users\admin\AppData\Roaming\npm\node_modules\protractor\node_modules\jasmine-core\lib\jasmine-core\jasmine.js:1107:25)
                    at Env.describe (C:\Users\admin\AppData\Roaming\npm\node_modules\protractor\node_modules\jasmine-core\lib\jasmine-core\jasmine.js:1074:7)
                    at describe (C:\Users\admin\AppData\Roaming\npm\node_modules\protractor\node_modules\jasmine-core\lib\jasmine-core\jasmine.js:4399:18)
                    at Object.&lt;anonymous> (C:\Users\admin\Desktop\Projects\ProtractorDemo\tests\signup.js:3:1)
                    at Module._compile (internal/modules/cjs/loader.js:1138:30)
                    at Object.Module._extensions..js (internal/modules/cjs/loader.js:1158:10)
                    at Module.load (internal/modules/cjs/loader.js:986:32)
                    at Function.Module._load (internal/modules/cjs/loader.js:879:14)</stack-trace>
            </failure>
        </test-case>
        <test-case start='1595477743490' status='failed' stop='1595477758329'>
            <name>register user test valid inputs</name>
            <title>register user test valid inputs</title>
            <labels/>
            <parameters/>
            <steps/>
            <attachments/>
            <failure>
                <message>Failed: Angular could not be found on the page http://localhost:4200/register. If this is not an Angular application, you may need to turn off waiting for Angular.
                                          Please see 
                                          https://github.com/angular/protractor/blob/master/docs/timeouts.md#waiting-for-angular-on-page-load</message>
                <stack-trace>Error: Angular could not be found on the page http://localhost:4200/register. If this is not an Angular application, you may need to turn off waiting for Angular.
                                          Please see 
                                          https://github.com/angular/protractor/blob/master/docs/timeouts.md#waiting-for-angular-on-page-load
                    at C:\Users\admin\AppData\Roaming\npm\node_modules\protractor\built\browser.js:718:27
                    at ManagedPromise.invokeCallback_ (C:\Users\admin\AppData\Roaming\npm\node_modules\protractor\node_modules\selenium-webdriver\lib\promise.js:1376:14)
                    at TaskQueue.execute_ (C:\Users\admin\AppData\Roaming\npm\node_modules\protractor\node_modules\selenium-webdriver\lib\promise.js:3084:14)
                    at TaskQueue.executeNext_ (C:\Users\admin\AppData\Roaming\npm\node_modules\protractor\node_modules\selenium-webdriver\lib\promise.js:3067:27)
                    at C:\Users\admin\AppData\Roaming\npm\node_modules\protractor\node_modules\selenium-webdriver\lib\promise.js:2927:27
                    at C:\Users\admin\AppData\Roaming\npm\node_modules\protractor\node_modules\selenium-webdriver\lib\promise.js:668:7
                    at processTicksAndRejections (internal/process/task_queues.js:97:5)
                From: Task: Run it("register user test valid inputs") in control flow
                    at UserContext.&lt;anonymous> (C:\Users\admin\AppData\Roaming\npm\node_modules\protractor\node_modules\jasminewd2\index.js:94:19)
                    at attempt (C:\Users\admin\AppData\Roaming\npm\node_modules\protractor\node_modules\jasmine-core\lib\jasmine-core\jasmine.js:4297:26)
                    at QueueRunner.run (C:\Users\admin\AppData\Roaming\npm\node_modules\protractor\node_modules\jasmine-core\lib\jasmine-core\jasmine.js:4217:20)
                    at QueueRunner.execute (C:\Users\admin\AppData\Roaming\npm\node_modules\protractor\node_modules\jasmine-core\lib\jasmine-core\jasmine.js:4199:10)
                    at Spec.queueRunnerFactory (C:\Users\admin\AppData\Roaming\npm\node_modules\protractor\node_modules\jasmine-core\lib\jasmine-core\jasmine.js:909:35)
                    at Spec.execute (C:\Users\admin\AppData\Roaming\npm\node_modules\protractor\node_modules\jasmine-core\lib\jasmine-core\jasmine.js:526:10)
                    at UserContext.fn (C:\Users\admin\AppData\Roaming\npm\node_modules\protractor\node_modules\jasmine-core\lib\jasmine-core\jasmine.js:5340:37)
                    at attempt (C:\Users\admin\AppData\Roaming\npm\node_modules\protractor\node_modules\jasmine-core\lib\jasmine-core\jasmine.js:4297:26)
                    at QueueRunner.run (C:\Users\admin\AppData\Roaming\npm\node_modules\protractor\node_modules\jasmine-core\lib\jasmine-core\jasmine.js:4217:20)
                    at runNext (C:\Users\admin\AppData\Roaming\npm\node_modules\protractor\node_modules\jasmine-core\lib\jasmine-core\jasmine.js:4257:20)
                From asynchronous test: 
                Error
                    at Suite.&lt;anonymous> (C:\Users\admin\Desktop\Projects\ProtractorDemo\tests\signup.js:50:8)
                    at addSpecsToSuite (C:\Users\admin\AppData\Roaming\npm\node_modules\protractor\node_modules\jasmine-core\lib\jasmine-core\jasmine.js:1107:25)
                    at Env.describe (C:\Users\admin\AppData\Roaming\npm\node_modules\protractor\node_modules\jasmine-core\lib\jasmine-core\jasmine.js:1074:7)
                    at describe (C:\Users\admin\AppData\Roaming\npm\node_modules\protractor\node_modules\jasmine-core\lib\jasmine-core\jasmine.js:4399:18)
                    at Object.&lt;anonymous> (C:\Users\admin\Desktop\Projects\ProtractorDemo\tests\signup.js:3:1)
                    at Module._compile (internal/modules/cjs/loader.js:1138:30)
                    at Object.Module._extensions..js (internal/modules/cjs/loader.js:1158:10)
                    at Module.load (internal/modules/cjs/loader.js:986:32)
                    at Function.Module._load (internal/modules/cjs/loader.js:879:14)</stack-trace>
            </failure>
        </test-case>
        <test-case start='1595477758329' status='passed' stop='1595477769901'>
            <name>register user test valid inputs</name>
            <title>register user test valid inputs</title>
            <labels/>
            <parameters/>
            <steps/>
            <attachments/>
        </test-case>
        <test-case start='1595477769902' status='passed' stop='1595477773251'>
            <name>register user test valid inputs</name>
            <title>register user test valid inputs</title>
            <labels/>
            <parameters/>
            <steps/>
            <attachments/>
        </test-case>
        <test-case start='1595477773251' status='passed' stop='1595477776410'>
            <name>register user test valid inputs</name>
            <title>register user test valid inputs</title>
            <labels/>
            <parameters/>
            <steps/>
            <attachments/>
        </test-case>
    </test-cases>
</ns2:test-suite>